  main.cpp
main.obj : error LNK2019: ссылка на неразрешенный внешний символ "public: __cdecl sf::String::String(char const *,class std::locale const &)" (??0String@sf@@QEAA@PEBDAEBVlocale@std@@@Z) в функции main.
main.obj : error LNK2019: ссылка на неразрешенный внешний символ "public: __cdecl sf::VideoMode::VideoMode(unsigned int,unsigned int,unsigned int)" (??0VideoMode@sf@@QEAA@III@Z) в функции main.
main.obj : error LNK2019: ссылка на неразрешенный внешний символ "public: void __cdecl sf::Window::close(void)" (?close@Window@sf@@QEAAXXZ) в функции main.
main.obj : error LNK2019: ссылка на неразрешенный внешний символ "public: bool __cdecl sf::Window::isOpen(void)const " (?isOpen@Window@sf@@QEBA_NXZ) в функции main.
main.obj : error LNK2019: ссылка на неразрешенный внешний символ "public: bool __cdecl sf::Window::pollEvent(class sf::Event &)" (?pollEvent@Window@sf@@QEAA_NAEAVEvent@2@@Z) в функции main.
main.obj : error LNK2019: ссылка на неразрешенный внешний символ "public: void __cdecl sf::Window::display(void)" (?display@Window@sf@@QEAAXXZ) в функции main.
main.obj : error LNK2019: ссылка на неразрешенный внешний символ "public: __cdecl sf::Color::Color(unsigned char,unsigned char,unsigned char,unsigned char)" (??0Color@sf@@QEAA@EEEE@Z) в функции main.
main.obj : error LNK2019: ссылка на неразрешенный внешний символ "public: virtual __cdecl sf::Shape::~Shape(void)" (??1Shape@sf@@UEAA@XZ) в функции "public: virtual __cdecl sf::CircleShape::~CircleShape(void)" (??1CircleShape@sf@@UEAA@XZ).
main.obj : error LNK2019: ссылка на неразрешенный внешний символ "public: void __cdecl sf::Shape::setFillColor(class sf::Color const &)" (?setFillColor@Shape@sf@@QEAAXAEBVColor@2@@Z) в функции main.
main.obj : error LNK2019: ссылка на неразрешенный внешний символ "public: __cdecl sf::CircleShape::CircleShape(float,unsigned __int64)" (??0CircleShape@sf@@QEAA@M_K@Z) в функции main.
main.obj : error LNK2019: ссылка на неразрешенный внешний символ "public: void __cdecl sf::RenderTarget::clear(class sf::Color const &)" (?clear@RenderTarget@sf@@QEAAXAEBVColor@2@@Z) в функции main.
main.obj : error LNK2019: ссылка на неразрешенный внешний символ "public: void __cdecl sf::RenderTarget::draw(class sf::Drawable const &,class sf::RenderStates const &)" (?draw@RenderTarget@sf@@QEAAXAEBVDrawable@2@AEBVRenderStates@2@@Z) в функции main.
main.obj : error LNK2019: ссылка на неразрешенный внешний символ "public: __cdecl sf::RenderWindow::RenderWindow(class sf::VideoMode,class sf::String const &,unsigned int,struct sf::ContextSettings const &)" (??0RenderWindow@sf@@QEAA@VVideoMode@1@AEBVString@1@IAEBUContextSettings@1@@Z) в функции main.
main.obj : error LNK2019: ссылка на неразрешенный внешний символ "public: virtual __cdecl sf::RenderWindow::~RenderWindow(void)" (??1RenderWindow@sf@@UEAA@XZ) в функции main.
main.obj : error LNK2001: неразрешенный внешний символ "public: static class sf::RenderStates const sf::RenderStates::Default" (?Default@RenderStates@sf@@2V12@B).
main.obj : error LNK2001: неразрешенный внешний символ "public: static class sf::Color const sf::Color::Green" (?Green@Color@sf@@2V12@B).
D:\justd\Projects\Visual Studio\SFM\SFML-2.5.1\lib\sfml-graphics.lib : warning LNK4272: тип компьютера библиотеки "x86" конфликтует с типом целевого компьютера "x64"
D:\justd\Projects\Visual Studio\SFM\SFML-2.5.1\lib\sfml-window.lib : warning LNK4272: тип компьютера библиотеки "x86" конфликтует с типом целевого компьютера "x64"
D:\justd\Projects\Visual Studio\SFM\SFML-2.5.1\lib\sfml-system.lib : warning LNK4272: тип компьютера библиотеки "x86" конфликтует с типом целевого компьютера "x64"
D:\justd\Projects\Visual Studio\SFM\x64\Debug\SFM.exe : fatal error LNK1120: неразрешенных внешних элементов: 16
