d:\justd\projects\visual studio\sfm\sfm\debug\vc142.pdb
d:\justd\projects\visual studio\sfm\sfm\debug\vc142.idb
d:\justd\projects\visual studio\sfm\sfm\debug\window.obj
d:\justd\projects\visual studio\sfm\sfm\debug\main.obj
d:\justd\projects\visual studio\sfm\sfm\debug\hashtable_struct.obj
d:\justd\projects\visual studio\sfm\sfm\debug\imgui-sfml.obj
d:\justd\projects\visual studio\sfm\sfm\debug\imgui_widgets.obj
d:\justd\projects\visual studio\sfm\sfm\debug\imgui_tables.obj
d:\justd\projects\visual studio\sfm\sfm\debug\imgui_draw.obj
d:\justd\projects\visual studio\sfm\sfm\debug\imgui_demo.obj
d:\justd\projects\visual studio\sfm\sfm\debug\imgui.obj
d:\justd\projects\visual studio\sfm\debug\sfm.exe
d:\justd\projects\visual studio\sfm\debug\sfm.ilk
d:\justd\projects\visual studio\sfm\debug\sfm.pdb
d:\justd\projects\visual studio\sfm\sfm\debug\sfm.tlog\cl.command.1.tlog
d:\justd\projects\visual studio\sfm\sfm\debug\sfm.tlog\cl.read.1.tlog
d:\justd\projects\visual studio\sfm\sfm\debug\sfm.tlog\cl.write.1.tlog
d:\justd\projects\visual studio\sfm\sfm\debug\sfm.tlog\link.command.1.tlog
d:\justd\projects\visual studio\sfm\sfm\debug\sfm.tlog\link.read.1.tlog
d:\justd\projects\visual studio\sfm\sfm\debug\sfm.tlog\link.write.1.tlog
